#
# A fatal error has been detected by the Java Runtime Environment:
#
#  EXCEPTION_ACCESS_VIOLATION (0xc0000005) at pc=0x00000010, pid=5564, tid=0x000020c8
#
# JRE version: Java(TM) SE Runtime Environment (8.0_101-b13) (build 1.8.0_101-b13)
# Java VM: Java HotSpot(TM) Client VM (25.101-b13 mixed mode windows-x86 )
# Problematic frame:
# C  0x00000010
#
# Failed to write core dump. Minidumps are not enabled by default on client versions of Windows
#
# If you would like to submit a bug report, please visit:
#   http://bugreport.java.com/bugreport/crash.jsp
#

---------------  T H R E A D  ---------------

Current thread (0x02bec800):  JavaThread "main" [_thread_in_Java, id=8392, stack(0x01120000,0x01170000)]

siginfo: ExceptionCode=0xc0000005, ExceptionInformation=0x00000008 0x00000010

Registers:
EAX=0x00000045, EBX=0x00000010, ECX=0x04c23df8, EDX=0x00000010
ESP=0x0116f394, EBP=0x0116f430, ESI=0x04c23bc8, EDI=0x00000010
EIP=0x00000010, EFLAGS=0x00010202

Top of Stack: (sp=0x0116f394)
0x0116f394:   44f70478 02bec800 0116f3c0 5cf444b7
0x0116f3a4:   44f70478 00000008 00000010 02bec800
0x0116f3b4:   000000bc 02bec800 02bec800 0000000f
0x0116f3c4:   00000010 00000000 00000001 02bec800
0x0116f3d4:   0116f3f4 5ceecbb9 02bec800 00000006
0x0116f3e4:   00000008 0116f430 02bf4854 04c23bc8
0x0116f3f4:   0116f430 02c04076 02bec800 02bf4854
0x0116f404:   04c23bc8 00000000 04c23df8 0116f410 

Instructions: (pc=0x00000010)
0xfffffff0:   


Register to memory mapping:

EAX=0x00000045 is an unknown value
EBX=0x00000010 is an unknown value
ECX=
[error occurred during error reporting (printing register info), id 0xc0000005]

Stack: [0x01120000,0x01170000],  sp=0x0116f394,  free space=316k
Native frames: (J=compiled Java code, j=interpreted, Vv=VM code, C=native code)
C  0x00000010
j  com.android.dex.Dex$Section.writeStringData(Ljava/lang/String;)V+12
j  com.android.dx.merge.DexMerger$1.write(Ljava/lang/String;)V+47
j  com.android.dx.merge.DexMerger$1.write(Ljava/lang/Comparable;)V+5
j  com.android.dx.merge.DexMerger$IdMerger.mergeSorted()V+356
j  com.android.dx.merge.DexMerger.mergeStringIds()V+12
j  com.android.dx.merge.DexMerger.mergeDexes()Lcom/android/dex/Dex;+1
j  com.android.dx.merge.DexMerger.merge()Lcom/android/dex/Dex;+31
j  com.android.dx.command.dexer.Main.mergeLibraryDexBuffers([B)[B+102
j  com.android.dx.command.dexer.Main.runMonoDex()I+132
j  com.android.dx.command.dexer.Main.run(Lcom/android/dx/command/dexer/Main$Arguments;)I+76
j  com.android.dx.command.dexer.Main.main([Ljava/lang/String;)V+14
j  com.android.dx.command.Main.main([Ljava/lang/String;)V+61
v  ~StubRoutines::call_stub
V  [jvm.dll+0x15a2e5]
V  [jvm.dll+0x21ff6e]
V  [jvm.dll+0x15a37e]
V  [jvm.dll+0xdbf47]
V  [jvm.dll+0xe44df]
C  [java.exe+0x229e]
C  [java.exe+0xaeaf]
C  [java.exe+0xaf39]
C  [KERNEL32.DLL+0x1a534]
C  [ntdll.dll+0x48f8b]
C  [ntdll.dll+0x48f61]
C  0x00000000


---------------  P R O C E S S  ---------------

Java Threads: ( => current thread )
  0x45457400 JavaThread "Service Thread" daemon [_thread_blocked, id=1640, stack(0x45a10000,0x45a60000)]
  0x4544f400 JavaThread "C1 CompilerThread0" daemon [_thread_blocked, id=4752, stack(0x45980000,0x459d0000)]
  0x4544e800 JavaThread "Attach Listener" daemon [_thread_blocked, id=6088, stack(0x458f0000,0x45940000)]
  0x4543b400 JavaThread "Signal Dispatcher" daemon [_thread_blocked, id=8836, stack(0x45860000,0x458b0000)]
  0x45439c00 JavaThread "Finalizer" daemon [_thread_blocked, id=8256, stack(0x456f0000,0x45740000)]
  0x45424400 JavaThread "Reference Handler" daemon [_thread_blocked, id=9032, stack(0x45660000,0x456b0000)]
=>0x02bec800 JavaThread "main" [_thread_in_Java, id=8392, stack(0x01120000,0x01170000)]

Other Threads:
  0x02b2d400 VMThread [stack: 0x453d0000,0x45420000] [id=7220]
  0x4545d000 WatcherThread [stack: 0x45aa0000,0x45af0000] [id=6524]

VM state:not at safepoint (normal execution)

VM Mutex/Monitor currently owned by a thread: None

Heap:
 def new generation   total 4928K, used 478K [0x04c00000, 0x05150000, 0x1a150000)
  eden space 4416K,   4% used [0x04c00000, 0x04c305b0, 0x05050000)
  from space 512K,  55% used [0x05050000, 0x05097460, 0x050d0000)
  to   space 512K,   0% used [0x050d0000, 0x050d0000, 0x05150000)
 tenured generation   total 10944K, used 7396K [0x1a150000, 0x1ac00000, 0x44c00000)
   the space 10944K,  67% used [0x1a150000, 0x1a8890a8, 0x1a889200, 0x1ac00000)
 Metaspace       used 2384K, capacity 2534K, committed 2624K, reserved 4480K

Card table byte_map: [0x44c00000,0x44e10000] byte_map_base: 0x44bda000

Polling page: 0x010c0000

CodeCache: size=32768Kb used=793Kb max_used=793Kb free=31974Kb
 bounds [0x02bf0000, 0x02cb8000, 0x04bf0000]
 total_blobs=279 nmethods=135 adapters=76
 compilation: enabled

Compilation events (10 events):
Event: 0.421 Thread 0x4544f400 nmethod 84 0x02cac908 code [0x02caca20, 0x02cacbd8]
Event: 0.421 Thread 0x4544f400   85             java.util.TreeMap::get (19 bytes)
Event: 0.421 Thread 0x4544f400 nmethod 85 0x02cacd48 code [0x02cace50, 0x02cacefc]
Event: 0.421 Thread 0x4544f400   86             com.android.dx.merge.DexMerger$IdMerger::readIntoMap (89 bytes)
Event: 0.422 Thread 0x4544f400 nmethod 86 0x02cacf88 code [0x02cad0d0, 0x02cad330]
Event: 0.422 Thread 0x4544f400   87             com.android.dx.merge.DexMerger$1::read (8 bytes)
Event: 0.422 Thread 0x4544f400 nmethod 87 0x02cad608 code [0x02cad710, 0x02cad7ac]
Event: 0.422 Thread 0x4544f400   88             com.android.dx.merge.DexMerger$1::read (5 bytes)
Event: 0.422 Thread 0x4544f400 nmethod 88 0x02cad888 code [0x02cad990, 0x02cada2c]
Event: 0.422 Thread 0x4544f400   89   !         com.android.dex.Dex$Section::readString (172 bytes)

GC Heap History (8 events):
Event: 0.212 GC heap before
{Heap before GC invocations=0 (full 0):
 def new generation   total 4928K, used 4410K [0x04c00000, 0x05150000, 0x1a150000)
  eden space 4416K,  99% used [0x04c00000, 0x0504e938, 0x05050000)
  from space 512K,   0% used [0x05050000, 0x05050000, 0x050d0000)
  to   space 512K,   0% used [0x050d0000, 0x050d0000, 0x05150000)
 tenured generation   total 10944K, used 0K [0x1a150000, 0x1ac00000, 0x44c00000)
   the space 10944K,   0% used [0x1a150000, 0x1a150000, 0x1a150200, 0x1ac00000)
 Metaspace       used 2242K, capacity 2406K, committed 2496K, reserved 4480K
Event: 0.215 GC heap after
Heap after GC invocations=1 (full 0):
 def new generation   total 4928K, used 512K [0x04c00000, 0x05150000, 0x1a150000)
  eden space 4416K,   0% used [0x04c00000, 0x04c00000, 0x05050000)
  from space 512K, 100% used [0x050d0000, 0x05150000, 0x05150000)
  to   space 512K,   0% used [0x05050000, 0x05050000, 0x050d0000)
 tenured generation   total 10944K, used 1135K [0x1a150000, 0x1ac00000, 0x44c00000)
   the space 10944K,  10% used [0x1a150000, 0x1a26be00, 0x1a26be00, 0x1ac00000)
 Metaspace       used 2242K, capacity 2406K, committed 2496K, reserved 4480K
}
Event: 0.236 GC heap before
{Heap before GC invocations=1 (full 0):
 def new generation   total 4928K, used 4911K [0x04c00000, 0x05150000, 0x1a150000)
  eden space 4416K,  99% used [0x04c00000, 0x0504bca0, 0x05050000)
  from space 512K, 100% used [0x050d0000, 0x05150000, 0x05150000)
  to   space 512K,   0% used [0x05050000, 0x05050000, 0x050d0000)
 tenured generation   total 10944K, used 1135K [0x1a150000, 0x1ac00000, 0x44c00000)
   the space 10944K,  10% used [0x1a150000, 0x1a26be00, 0x1a26be00, 0x1ac00000)
 Metaspace       used 2242K, capacity 2406K, committed 2496K, reserved 4480K
Event: 0.238 GC heap after
Heap after GC invocations=2 (full 0):
 def new generation   total 4928K, used 375K [0x04c00000, 0x05150000, 0x1a150000)
  eden space 4416K,   0% used [0x04c00000, 0x04c00000, 0x05050000)
  from space 512K,  73% used [0x05050000, 0x050addb8, 0x050d0000)
  to   space 512K,   0% used [0x050d0000, 0x050d0000, 0x05150000)
 tenured generation   total 10944K, used 2569K [0x1a150000, 0x1ac00000, 0x44c00000)
   the space 10944K,  23% used [0x1a150000, 0x1a3d24c8, 0x1a3d2600, 0x1ac00000)
 Metaspace       used 2242K, capacity 2406K, committed 2496K, reserved 4480K
}
Event: 0.270 GC heap before
{Heap before GC invocations=2 (full 0):
 def new generation   total 4928K, used 3965K [0x04c00000, 0x05150000, 0x1a150000)
  eden space 4416K,  81% used [0x04c00000, 0x04f81778, 0x05050000)
  from space 512K,  73% used [0x05050000, 0x050addb8, 0x050d0000)
  to   space 512K,   0% used [0x050d0000, 0x050d0000, 0x05150000)
 tenured generation   total 10944K, used 2569K [0x1a150000, 0x1ac00000, 0x44c00000)
   the space 10944K,  23% used [0x1a150000, 0x1a3d24c8, 0x1a3d2600, 0x1ac00000)
 Metaspace       used 2343K, capacity 2470K, committed 2496K, reserved 4480K
Event: 0.271 GC heap after
Heap after GC invocations=3 (full 0):
 def new generation   total 4928K, used 512K [0x04c00000, 0x05150000, 0x1a150000)
  eden space 4416K,   0% used [0x04c00000, 0x04c00000, 0x05050000)
  from space 512K, 100% used [0x050d0000, 0x05150000, 0x05150000)
  to   space 512K,   0% used [0x05050000, 0x05050000, 0x050d0000)
 tenured generation   total 10944K, used 3396K [0x1a150000, 0x1ac00000, 0x44c00000)
   the space 10944K,  31% used [0x1a150000, 0x1a4a1130, 0x1a4a1200, 0x1ac00000)
 Metaspace       used 2343K, capacity 2470K, committed 2496K, reserved 4480K
}
Event: 0.414 GC heap before
{Heap before GC invocations=3 (full 0):
 def new generation   total 4928K, used 4928K [0x04c00000, 0x05150000, 0x1a150000)
  eden space 4416K, 100% used [0x04c00000, 0x05050000, 0x05050000)
  from space 512K, 100% used [0x050d0000, 0x05150000, 0x05150000)
  to   space 512K,   0% used [0x05050000, 0x05050000, 0x050d0000)
 tenured generation   total 10944K, used 3396K [0x1a150000, 0x1ac00000, 0x44c00000)
   the space 10944K,  31% used [0x1a150000, 0x1a4a1130, 0x1a4a1200, 0x1ac00000)
 Metaspace       used 2384K, capacity 2534K, committed 2624K, reserved 4480K
Event: 0.418 GC heap after
Heap after GC invocations=4 (full 0):
 def new generation   total 4928K, used 285K [0x04c00000, 0x05150000, 0x1a150000)
  eden space 4416K,   0% used [0x04c00000, 0x04c00000, 0x05050000)
  from space 512K,  55% used [0x05050000, 0x05097460, 0x050d0000)
  to   space 512K,   0% used [0x050d0000, 0x050d0000, 0x05150000)
 tenured generation   total 10944K, used 7396K [0x1a150000, 0x1ac00000, 0x44c00000)
   the space 10944K,  67% used [0x1a150000, 0x1a8890a8, 0x1a889200, 0x1ac00000)
 Metaspace       used 2384K, capacity 2534K, committed 2624K, reserved 4480K
}

Deoptimization events (0 events):
No events

Internal exceptions (2 events):
Event: 0.045 Thread 0x02bec800 Exception <a 'java/lang/NoSuchMethodError': Method sun.misc.Unsafe.defineClass(Ljava/lang/String;[BII)Ljava/lang/Class; name or signature does not match> (0x04c06ea8) thrown at [C:\re\workspace\8-2-build-windows-i586-cygwin\jdk8u101\7261\hotspot\src\share\ã,‘.U§?
Event: 0.046 Thread 0x02bec800 Exception <a 'java/lang/NoSuchMethodError': Method sun.misc.Unsafe.prefetchRead(Ljava/lang/Object;J)V name or signature does not match> (0x04c07178) thrown at [C:\re\workspace\8-2-build-windows-i586-cygwin\jdk8u101\7261\hotspot\src\share\vm\prims\jni.cpp, 

Events (10 events):
Event: 0.278 loading class com/android/dx/merge/DexMerger$IdMerger
Event: 0.278 loading class com/android/dx/merge/DexMerger$IdMerger done
Event: 0.279 loading class com/android/dex/Leb128
Event: 0.279 loading class com/android/dex/Leb128 done
Event: 0.279 loading class com/android/dex/Mutf8
Event: 0.279 loading class com/android/dex/Mutf8 done
Event: 0.280 loading class java/util/AbstractMap$SimpleImmutableEntry
Event: 0.375 loading class java/util/AbstractMap$SimpleImmutableEntry done
Event: 0.414 Executing VM operation: GenCollectForAllocation
Event: 0.418 Executing VM operation: GenCollectForAllocation done


Dynamic libraries:
0x00e20000 - 0x00e53000 	C:\Program Files (x86)\Java\jdk1.8.0_101\bin\java.exe
0x77b20000 - 0x77c88000 	C:\Windows\SYSTEM32\ntdll.dll
0x76b90000 - 0x76cd0000 	C:\Windows\SYSTEM32\KERNEL32.DLL
0x775f0000 - 0x776bf000 	C:\Windows\SYSTEM32\KERNELBASE.dll
0x6ff30000 - 0x6ffca000 	C:\Windows\system32\apphelp.dll
0x76ee0000 - 0x76f57000 	C:\Windows\SYSTEM32\ADVAPI32.dll
0x76cd0000 - 0x76e20000 	C:\Windows\SYSTEM32\USER32.dll
0x71ab0000 - 0x71c95000 	C:\Windows\WinSxS\x86_microsoft.windows.common-controls_6595b64144ccf1df_6.0.9600.16384_none_a9f4965301334e09\COMCTL32.dll
0x76f60000 - 0x7701e000 	C:\Windows\SYSTEM32\msvcrt.dll
0x778b0000 - 0x778ee000 	C:\Windows\SYSTEM32\sechost.dll
0x76e20000 - 0x76ed1000 	C:\Windows\SYSTEM32\RPCRT4.dll
0x77380000 - 0x77488000 	C:\Windows\SYSTEM32\GDI32.dll
0x75550000 - 0x7556d000 	C:\Windows\SYSTEM32\SspiCli.dll
0x75540000 - 0x75549000 	C:\Windows\SYSTEM32\CRYPTBASE.dll
0x754e0000 - 0x75531000 	C:\Windows\SYSTEM32\bcryptPrimitives.dll
0x77020000 - 0x77045000 	C:\Windows\system32\IMM32.DLL
0x77280000 - 0x77377000 	C:\Windows\SYSTEM32\MSCTF.dll
0x5d240000 - 0x5d2ff000 	C:\Program Files (x86)\Java\jdk1.8.0_101\jre\bin\msvcr100.dll
0x5ce70000 - 0x5d23c000 	C:\Program Files (x86)\Java\jdk1.8.0_101\jre\bin\client\jvm.dll
0x729e0000 - 0x729e8000 	C:\Windows\SYSTEM32\WSOCK32.dll
0x729c0000 - 0x729e0000 	C:\Windows\SYSTEM32\WINMM.dll
0x754d0000 - 0x754d8000 	C:\Windows\SYSTEM32\VERSION.dll
0x77a40000 - 0x77a46000 	C:\Windows\SYSTEM32\PSAPI.DLL
0x76a90000 - 0x76add000 	C:\Windows\SYSTEM32\WS2_32.dll
0x729a0000 - 0x729c0000 	C:\Windows\SYSTEM32\WINMMBASE.dll
0x77060000 - 0x77067000 	C:\Windows\SYSTEM32\NSI.dll
0x76af0000 - 0x76b2a000 	C:\Windows\SYSTEM32\cfgmgr32.dll
0x72960000 - 0x7297f000 	C:\Windows\SYSTEM32\DEVOBJ.dll
0x67950000 - 0x6795c000 	C:\Program Files (x86)\Java\jdk1.8.0_101\jre\bin\verify.dll
0x5ce40000 - 0x5ce61000 	C:\Program Files (x86)\Java\jdk1.8.0_101\jre\bin\java.dll
0x58360000 - 0x58373000 	C:\Program Files (x86)\Java\jdk1.8.0_101\jre\bin\zip.dll
0x75790000 - 0x76931000 	C:\Windows\SYSTEM32\SHELL32.dll
0x76940000 - 0x76a8e000 	C:\Windows\SYSTEM32\combase.dll
0x77490000 - 0x774d1000 	C:\Windows\SYSTEM32\SHLWAPI.dll
0x753f0000 - 0x75467000 	C:\Windows\SYSTEM32\SHCORE.dll
0x753d0000 - 0x753de000 	C:\Windows\SYSTEM32\profapi.dll
0x72b00000 - 0x72c48000 	C:\Windows\SYSTEM32\dbghelp.dll

VM Arguments:
jvm_args: -Djava.awt.headless=true -Xmx1024M -Dfile.encoding=windows-1252 -Duser.country=US -Duser.language=en -Duser.variant 
java_command: com.android.dx.command.Main --dex --force-jumbo --num-threads=4 --output H:\AndroidStudioProjects\MyApplication2\app\build\intermediates\transforms\dex\debug\folders\1000\1f\main H:\AndroidStudioProjects\MyApplication2\app\build\intermediates\pre-dexed\debug\com.android.support-support-vector-drawable-24.0.0-alpha2_75788007873759f02d347e633d18b8a0c42323c6.jar H:\AndroidStudioProjects\MyApplication2\app\build\intermediates\pre-dexed\debug\com.android.support-design-24.0.0-alpha2_a84b5dbf5555491badf124dedb8f286bb9226634.jar H:\AndroidStudioProjects\MyApplication2\app\build\intermediates\pre-dexed\debug\main_decf38a7488bee68bdc053f0f03b01cadc53eeef.jar H:\AndroidStudioProjects\MyApplication2\app\build\intermediates\pre-dexed\debug\com.android.support-support-v4-24.0.0-alpha2_91a5a79dadeffe5881b34076acdb726559f6812c.jar H:\AndroidStudioProjects\MyApplication2\app\build\intermediates\pre-dexed\debug\internal_impl-24.0.0-alpha2_be3bda2d6a6dbb11d9cb985e660697b5ff9d20f4.jar H:\AndroidStudioProjects\MyApplication2\app\build\intermediates\pre-dexed\debug\com.android.support-recyclerview-v7-24.0.0-alpha2_5e2b8a386154bc340505fe5dfe5d5883319e0098.jar H:\AndroidStudioProjects\MyApplication2\app\build\intermediates\pre-dexed\debug\instant-run_64e0375085f656b07ef8fc20cbfba8761a732443.jar H:\AndroidStudioProjects\MyApplication2\app\build\intermediates\pre-dexed\debug\com.android.support-animated-vector-drawable-24.0.0-alpha2_57a6cebf1ebc30a863d58e00b4d647abadc26383.jar H:\AndroidStudioProjects\MyApplication2\app\build\intermediates\pre-dexed\debug\support-annotations-24.0.0-alpha2_1c0dff686c2651ed06008c12ca07ef0c93735534.jar H:\AndroidStudioProjects\MyApplication2\app\build\intermediates\pre-dexed\debug\com.android.support-appcompat-v7-24.0.0-alpha2_304e30d3ee57ec6c6b1868588b9298ac06bf2713.jar H:\AndroidStudioProjects\MyApplication2\app\build\intermediates\pre-dexed\debug\instant-run-bootstrap_a0b2ccd4d1ec5e61a1a7569c54708a842357647b.jar
java_class_path (initial): H:\Android\SDK\build-tools\23.0.3\lib\dx.jar
Launcher Type: SUN_STANDARD

Environment Variables:
JAVA_HOME=C:\Program Files (x86)\Java\jdk1.8.0_101
PATH=C:\ProgramData\Oracle\Java\javapath;C:\oraclexe\app\oracle\product\10.2.0\server\bin;C:\Windows\system32;C:\Windows;C:\Windows\System32\Wbem;C:\Windows\System32\WindowsPowerShell\v1.0\;C:\Program Files (x86)\Microsoft SQL Server\100\Tools\Binn\;C:\Program Files\Microsoft SQL Server\100\Tools\Binn\;C:\Program Files\Microsoft SQL Server\100\DTS\Binn\;C:\tc\BIN;C:\Program Files\Java\jdk1.8.0_101\bin;
USERNAME=user
OS=Windows_NT
PROCESSOR_IDENTIFIER=Intel64 Family 6 Model 61 Stepping 4, GenuineIntel



---------------  S Y S T E M  ---------------

OS: Windows 8.1 , 64 bit Build 9600 (6.3.9600.16384)

CPU:total 4 (2 cores per cpu, 2 threads per core) family 6 model 61 stepping 4, cmov, cx8, fxsr, mmx, sse, sse2, sse3, ssse3, sse4.1, sse4.2, popcnt, avx, avx2, aes, clmul, erms, 3dnowpref, lzcnt, ht, tsc, tscinvbit, bmi1, bmi2, adx

Memory: 4k page, physical 6199992k(1238620k free), swap 9815548k(1671224k free)

vm_info: Java HotSpot(TM) Client VM (25.101-b13) for windows-x86 JRE (1.8.0_101-b13), built on Jun 22 2016 00:45:44 by "java_re" with MS VC++ 10.0 (VS2010)

time: Mon Oct 03 04:39:58 2016
elapsed time: 0 seconds (0d 0h 0m 0s)

